<?xml version="1.0" encoding="UTF-8"?>
<!-- Generated by org.testng.reporters.JUnitReportReporter -->
<testsuite hostname="MSI-Modern-A5M" failures="0" tests="1" name="pages.LoginPage" time="4.549" errors="0" timestamp="2023-03-02T03:18:27 BDT" skipped="0">
  <testcase classname="pages.LoginPage" name="doLogin" time="4.549"/>
  <system-out/>
</testsuite> <!-- pages.LoginPage -->
