<?xml version="1.0" encoding="UTF-8"?>
<!-- Generated by org.testng.reporters.JUnitReportReporter -->
<testsuite hostname="MSI-Modern-A5M" failures="0" tests="1" name="testcases.FullTest" time="18.338" errors="0" timestamp="2023-03-02T16:28:32 BDT" skipped="0">
  <testcase classname="testcases.FullTest" name="automate" time="18.338"/>
  <system-out/>
</testsuite> <!-- testcases.FullTest -->
