<?xml version="1.0" encoding="UTF-8"?>
<!-- Generated by org.testng.reporters.JUnitReportReporter -->
<testsuite hostname="MSI-Modern-A5M" failures="0" tests="1" name="testcases.FullTest" time="41.757" errors="0" timestamp="2023-02-26T05:39:34 BDT" skipped="0">
  <testcase classname="testcases.FullTest" name="automate" time="41.757"/>
  <system-out/>
</testsuite> <!-- testcases.FullTest -->
