<?xml version="1.0" encoding="UTF-8"?>
<!-- Generated by org.testng.reporters.JUnitReportReporter -->
<testsuite hostname="MSI-Modern-A5M" failures="0" tests="1" name="testcases.FullTest" time="54.752" errors="0" timestamp="2023-02-27T05:19:45 BDT" skipped="0">
  <testcase classname="testcases.FullTest" name="automate" time="54.752"/>
  <system-out/>
</testsuite> <!-- testcases.FullTest -->
