<?xml version="1.0" encoding="UTF-8"?>
<!-- Generated by org.testng.reporters.JUnitReportReporter -->
<testsuite hostname="MSI-Modern-A5M" failures="0" tests="1" name="testcases.HomePageTest" time="2.541" errors="0" timestamp="2023-02-25T20:50:03 BDT" skipped="0">
  <testcase classname="testcases.HomePageTest" name="testHome" time="2.541"/>
  <system-out/>
</testsuite> <!-- testcases.HomePageTest -->
